<?xml version="1.0" encoding="UTF-8"?>
<!-- Generated by org.testng.reporters.JUnitReportReporter -->
<testsuite hostname="DESKTOP-S589N2Q" failures="0" tests="1" name="Search.TestRunnerSearch" time="44.244" errors="0" timestamp="21 Dec 2020 15:38:14 GMT">
  <testcase classname="Search.TestRunnerSearch" name="feature" time="44.244"/>
</testsuite> <!-- Search.TestRunnerSearch -->
