<?xml version="1.0" encoding="UTF-8"?>
<!-- Generated by org.testng.reporters.JUnitReportReporter -->
<testsuite hostname="DESKTOP-S589N2Q" failures="0" tests="1" name="Cart.TestRunnerCart" time="162.463" errors="0" timestamp="21 Dec 2020 15:38:14 GMT">
  <testcase classname="Cart.TestRunnerCart" name="feature" time="162.463"/>
</testsuite> <!-- Cart.TestRunnerCart -->
