<?xml version="1.0" encoding="UTF-8"?>
<!-- Generated by org.testng.reporters.JUnitReportReporter -->
<testsuite hostname="DESKTOP-S589N2Q" failures="0" tests="1" name="PlaystoreIcon.TestRunnerPlaystoreIcon" time="54.488" errors="0" timestamp="21 Dec 2020 15:38:14 GMT">
  <testcase classname="PlaystoreIcon.TestRunnerPlaystoreIcon" name="feature" time="54.488"/>
</testsuite> <!-- PlaystoreIcon.TestRunnerPlaystoreIcon -->
